Determining if the pthread_create exist failed with the following output:
Change Dir: /home/6im2/mpluchar/OpenGL/GLImac-Template-build/CMakeFiles/CMakeTmp

Run Build Command:"/usr/bin/make" "cmTC_c0c42/fast"
/usr/bin/make -f CMakeFiles/cmTC_c0c42.dir/build.make CMakeFiles/cmTC_c0c42.dir/build
make[1] : on entre dans le répertoire « /home/6im2/mpluchar/OpenGL/GLImac-Template-build/CMakeFiles/CMakeTmp »
Building C object CMakeFiles/cmTC_c0c42.dir/CheckSymbolExists.c.o
/usr/bin/cc     -o CMakeFiles/cmTC_c0c42.dir/CheckSymbolExists.c.o   -c /home/6im2/mpluchar/OpenGL/GLImac-Template-build/CMakeFiles/CMakeTmp/CheckSymbolExists.c
Linking C executable cmTC_c0c42
/usr/bin/cmake -E cmake_link_script CMakeFiles/cmTC_c0c42.dir/link.txt --verbose=1
/usr/bin/cc       CMakeFiles/cmTC_c0c42.dir/CheckSymbolExists.c.o  -o cmTC_c0c42 -rdynamic 
CMakeFiles/cmTC_c0c42.dir/CheckSymbolExists.c.o : Dans la fonction « main » :
CheckSymbolExists.c:(.text+0x1b) : référence indéfinie vers « pthread_create »
collect2: error: ld returned 1 exit status
CMakeFiles/cmTC_c0c42.dir/build.make:97 : la recette pour la cible « cmTC_c0c42 » a échouée
make[1]: *** [cmTC_c0c42] Erreur 1
make[1] : on quitte le répertoire « /home/6im2/mpluchar/OpenGL/GLImac-Template-build/CMakeFiles/CMakeTmp »
Makefile:126 : la recette pour la cible « cmTC_c0c42/fast » a échouée
make: *** [cmTC_c0c42/fast] Erreur 2

File /home/6im2/mpluchar/OpenGL/GLImac-Template-build/CMakeFiles/CMakeTmp/CheckSymbolExists.c:
/* */
#include <pthread.h>

int main(int argc, char** argv)
{
  (void)argv;
#ifndef pthread_create
  return ((int*)(&pthread_create))[argc];
#else
  (void)argc;
  return 0;
#endif
}

Determining if the function pthread_create exists in the pthreads failed with the following output:
Change Dir: /home/6im2/mpluchar/OpenGL/GLImac-Template-build/CMakeFiles/CMakeTmp

Run Build Command:"/usr/bin/make" "cmTC_770d4/fast"
/usr/bin/make -f CMakeFiles/cmTC_770d4.dir/build.make CMakeFiles/cmTC_770d4.dir/build
make[1] : on entre dans le répertoire « /home/6im2/mpluchar/OpenGL/GLImac-Template-build/CMakeFiles/CMakeTmp »
Building C object CMakeFiles/cmTC_770d4.dir/CheckFunctionExists.c.o
/usr/bin/cc    -DCHECK_FUNCTION_EXISTS=pthread_create   -o CMakeFiles/cmTC_770d4.dir/CheckFunctionExists.c.o   -c /usr/share/cmake-3.7/Modules/CheckFunctionExists.c
Linking C executable cmTC_770d4
/usr/bin/cmake -E cmake_link_script CMakeFiles/cmTC_770d4.dir/link.txt --verbose=1
/usr/bin/cc   -DCHECK_FUNCTION_EXISTS=pthread_create    CMakeFiles/cmTC_770d4.dir/CheckFunctionExists.c.o  -o cmTC_770d4 -rdynamic -lpthreads 
/usr/bin/ld : ne peut trouver -lpthreads
collect2: error: ld returned 1 exit status
CMakeFiles/cmTC_770d4.dir/build.make:97 : la recette pour la cible « cmTC_770d4 » a échouée
make[1]: *** [cmTC_770d4] Erreur 1
make[1] : on quitte le répertoire « /home/6im2/mpluchar/OpenGL/GLImac-Template-build/CMakeFiles/CMakeTmp »
Makefile:126 : la recette pour la cible « cmTC_770d4/fast » a échouée
make: *** [cmTC_770d4/fast] Erreur 2


Determining if the pthread_create exist failed with the following output:
Change Dir: /home/mmmaxou/Imac/Synthese-Image/imac-opengl3/GLImac-Template-build/CMakeFiles/CMakeTmp

Run Build Command:"/usr/bin/make" "cmTC_3390c/fast"
/usr/bin/make -f CMakeFiles/cmTC_3390c.dir/build.make CMakeFiles/cmTC_3390c.dir/build
make[1] : on entre dans le répertoire « /home/mmmaxou/Imac/Synthese-Image/imac-opengl3/GLImac-Template-build/CMakeFiles/CMakeTmp »
Building C object CMakeFiles/cmTC_3390c.dir/CheckSymbolExists.c.o
/usr/bin/cc    -o CMakeFiles/cmTC_3390c.dir/CheckSymbolExists.c.o   -c /home/mmmaxou/Imac/Synthese-Image/imac-opengl3/GLImac-Template-build/CMakeFiles/CMakeTmp/CheckSymbolExists.c
Linking C executable cmTC_3390c
/usr/bin/cmake -E cmake_link_script CMakeFiles/cmTC_3390c.dir/link.txt --verbose=1
/usr/bin/cc      -rdynamic CMakeFiles/cmTC_3390c.dir/CheckSymbolExists.c.o  -o cmTC_3390c 
CMakeFiles/cmTC_3390c.dir/CheckSymbolExists.c.o : Dans la fonction « main » :
CheckSymbolExists.c:(.text+0x1b) : référence indéfinie vers « pthread_create »
collect2: error: ld returned 1 exit status
CMakeFiles/cmTC_3390c.dir/build.make:97: recipe for target 'cmTC_3390c' failed
make[1]: *** [cmTC_3390c] Error 1
make[1] : on quitte le répertoire « /home/mmmaxou/Imac/Synthese-Image/imac-opengl3/GLImac-Template-build/CMakeFiles/CMakeTmp »
Makefile:126: recipe for target 'cmTC_3390c/fast' failed
make: *** [cmTC_3390c/fast] Error 2

File /home/mmmaxou/Imac/Synthese-Image/imac-opengl3/GLImac-Template-build/CMakeFiles/CMakeTmp/CheckSymbolExists.c:
/* */
#include <pthread.h>

int main(int argc, char** argv)
{
  (void)argv;
#ifndef pthread_create
  return ((int*)(&pthread_create))[argc];
#else
  (void)argc;
  return 0;
#endif
}

Determining if the function pthread_create exists in the pthreads failed with the following output:
Change Dir: /home/mmmaxou/Imac/Synthese-Image/imac-opengl3/GLImac-Template-build/CMakeFiles/CMakeTmp

Run Build Command:"/usr/bin/make" "cmTC_28429/fast"
/usr/bin/make -f CMakeFiles/cmTC_28429.dir/build.make CMakeFiles/cmTC_28429.dir/build
make[1] : on entre dans le répertoire « /home/mmmaxou/Imac/Synthese-Image/imac-opengl3/GLImac-Template-build/CMakeFiles/CMakeTmp »
Building C object CMakeFiles/cmTC_28429.dir/CheckFunctionExists.c.o
/usr/bin/cc   -DCHECK_FUNCTION_EXISTS=pthread_create   -o CMakeFiles/cmTC_28429.dir/CheckFunctionExists.c.o   -c /usr/share/cmake-3.10/Modules/CheckFunctionExists.c
Linking C executable cmTC_28429
/usr/bin/cmake -E cmake_link_script CMakeFiles/cmTC_28429.dir/link.txt --verbose=1
/usr/bin/cc  -DCHECK_FUNCTION_EXISTS=pthread_create    -rdynamic CMakeFiles/cmTC_28429.dir/CheckFunctionExists.c.o  -o cmTC_28429 -lpthreads 
/usr/bin/ld : ne peut trouver -lpthreads
collect2: error: ld returned 1 exit status
CMakeFiles/cmTC_28429.dir/build.make:97: recipe for target 'cmTC_28429' failed
make[1]: *** [cmTC_28429] Error 1
make[1] : on quitte le répertoire « /home/mmmaxou/Imac/Synthese-Image/imac-opengl3/GLImac-Template-build/CMakeFiles/CMakeTmp »
Makefile:126: recipe for target 'cmTC_28429/fast' failed
make: *** [cmTC_28429/fast] Error 2


